<?xml version="1.0" encoding="UTF-8"?>
<!-- Generated by org.testng.reporters.JUnitXMLReporter -->
<testsuite hostname="DESKTOP-UHCE5TL" name="Test" tests="1" failures="1" timestamp="28 Mar 2019 13:54:16 GMT" time="68.817" errors="0">
  <testcase name="test_register_sucess" time="50.379" classname="com.dx.testScripts.TestRegister">
    <failure type="java.lang.AssertionError" message="测试步骤有失败，整个测试用例执行失败">
      <![CDATA[java.lang.AssertionError: 测试步骤有失败，整个测试用例执行失败
	at com.dx.testScripts.TestRegister.test_register_sucess(TestRegister.java:84)
... Removed 28 stack frames]]>
    </failure>
  </testcase> <!-- test_register_sucess -->
</testsuite> <!-- Test -->
